<?xml version="1.0" encoding="UTF-8"?>
<testsuite xmlns:xsi="http://www.w3.org/2001/XMLSchema-instance" xsi:noNamespaceSchemaLocation="https://maven.apache.org/surefire/maven-surefire-plugin/xsd/surefire-test-report-3.0.xsd" version="3.0" name="test.ProductoDAOTest" time="0.575" tests="4" errors="0" skipped="0" failures="0">
  <properties>
[...]
</properties>
  <testcase name="testGuardarProducto" classname="test.ProductoDAOTest" time="0.478"/>
  <testcase name="testBuscarProductoPorId" classname="test.ProductoDAOTest" time="0.026"/>
  <testcase name="testActualizarProducto" classname="test.ProductoDAOTest" time="0.02"/>
  <testcase name="testEliminarProducto" classname="test.ProductoDAOTest" time="0.019"/>
</testsuite>